<?xml version="1.0" encoding="UTF-8"?>
<!-- Generated by org.testng.reporters.JUnitReportReporter -->
<testsuite skipped="0" hostname="holla-PC" name="gitDemostration.FirstGit" tests="1" failures="0" timestamp="15 Jan 2018 13:08:59 GMT" time="0.039" errors="0">
  <testcase name="main" time="0.039" classname="gitDemostration.FirstGit"/>
</testsuite> <!-- gitDemostration.FirstGit -->
